13-02-2020 18:16:21 INFO  RepeatedTestsDemo:23 - About to execute repetition 1 of 10 for repeatedTest
13-02-2020 18:16:21 INFO  RepeatedTestsDemo:23 - About to execute repetition 2 of 10 for repeatedTest
13-02-2020 18:16:21 INFO  RepeatedTestsDemo:23 - About to execute repetition 3 of 10 for repeatedTest
13-02-2020 18:16:21 INFO  RepeatedTestsDemo:23 - About to execute repetition 4 of 10 for repeatedTest
13-02-2020 18:16:21 INFO  RepeatedTestsDemo:23 - About to execute repetition 5 of 10 for repeatedTest
13-02-2020 18:16:21 INFO  RepeatedTestsDemo:23 - About to execute repetition 6 of 10 for repeatedTest
13-02-2020 18:16:21 INFO  RepeatedTestsDemo:23 - About to execute repetition 7 of 10 for repeatedTest
13-02-2020 18:16:21 INFO  RepeatedTestsDemo:23 - About to execute repetition 8 of 10 for repeatedTest
13-02-2020 18:16:21 INFO  RepeatedTestsDemo:23 - About to execute repetition 9 of 10 for repeatedTest
13-02-2020 18:16:21 INFO  RepeatedTestsDemo:23 - About to execute repetition 10 of 10 for repeatedTest
13-02-2020 18:16:21 INFO  RepeatedTestsDemo:23 - About to execute repetition 1 of 5 for repeatedTestInGerman
13-02-2020 18:16:21 INFO  RepeatedTestsDemo:50 - About to execute repetition repeatedTestInGerman
13-02-2020 18:16:21 INFO  RepeatedTestsDemo:23 - About to execute repetition 2 of 5 for repeatedTestInGerman
13-02-2020 18:16:21 INFO  RepeatedTestsDemo:50 - About to execute repetition repeatedTestInGerman
13-02-2020 18:16:21 INFO  RepeatedTestsDemo:23 - About to execute repetition 3 of 5 for repeatedTestInGerman
13-02-2020 18:16:21 INFO  RepeatedTestsDemo:50 - About to execute repetition repeatedTestInGerman
13-02-2020 18:16:21 INFO  RepeatedTestsDemo:23 - About to execute repetition 4 of 5 for repeatedTestInGerman
13-02-2020 18:16:21 INFO  RepeatedTestsDemo:50 - About to execute repetition repeatedTestInGerman
13-02-2020 18:16:21 INFO  RepeatedTestsDemo:23 - About to execute repetition 5 of 5 for repeatedTestInGerman
13-02-2020 18:16:21 INFO  RepeatedTestsDemo:50 - About to execute repetition repeatedTestInGerman
13-02-2020 18:16:21 INFO  RepeatedTestsDemo:23 - About to execute repetition 1 of 5 for repeatedTestWithRepetitionInfo
13-02-2020 18:16:21 INFO  RepeatedTestsDemo:23 - About to execute repetition 2 of 5 for repeatedTestWithRepetitionInfo
13-02-2020 18:16:21 INFO  RepeatedTestsDemo:23 - About to execute repetition 3 of 5 for repeatedTestWithRepetitionInfo
13-02-2020 18:16:21 INFO  RepeatedTestsDemo:23 - About to execute repetition 4 of 5 for repeatedTestWithRepetitionInfo
13-02-2020 18:16:21 INFO  RepeatedTestsDemo:23 - About to execute repetition 5 of 5 for repeatedTestWithRepetitionInfo
13-02-2020 18:16:21 INFO  RepeatedTestsDemo:23 - About to execute repetition 1 of 1 for customDisplayNameWithLongPattern
13-02-2020 18:16:21 INFO  RepeatedTestsDemo:23 - About to execute repetition 1 of 1 for customDisplayName
13-02-2020 18:21:58 INFO  RepeatedTestsDemo:23 - About to execute repetition 1 of 10 for repeatedTest
13-02-2020 18:21:58 INFO  RepeatedTestsDemo:23 - About to execute repetition 2 of 10 for repeatedTest
13-02-2020 18:21:58 INFO  RepeatedTestsDemo:23 - About to execute repetition 3 of 10 for repeatedTest
13-02-2020 18:21:58 INFO  RepeatedTestsDemo:23 - About to execute repetition 4 of 10 for repeatedTest
13-02-2020 18:21:58 INFO  RepeatedTestsDemo:23 - About to execute repetition 5 of 10 for repeatedTest
13-02-2020 18:21:58 INFO  RepeatedTestsDemo:23 - About to execute repetition 6 of 10 for repeatedTest
13-02-2020 18:21:58 INFO  RepeatedTestsDemo:23 - About to execute repetition 7 of 10 for repeatedTest
13-02-2020 18:21:58 INFO  RepeatedTestsDemo:23 - About to execute repetition 8 of 10 for repeatedTest
13-02-2020 18:21:58 INFO  RepeatedTestsDemo:23 - About to execute repetition 9 of 10 for repeatedTest
13-02-2020 18:21:58 INFO  RepeatedTestsDemo:23 - About to execute repetition 10 of 10 for repeatedTest
13-02-2020 18:21:58 INFO  RepeatedTestsDemo:23 - About to execute repetition 1 of 5 for repeatedTestInGerman
13-02-2020 18:21:58 INFO  RepeatedTestsDemo:50 - About to execute repetition repeatedTestInGerman
13-02-2020 18:21:58 INFO  RepeatedTestsDemo:23 - About to execute repetition 2 of 5 for repeatedTestInGerman
13-02-2020 18:21:58 INFO  RepeatedTestsDemo:50 - About to execute repetition repeatedTestInGerman
13-02-2020 18:21:58 INFO  RepeatedTestsDemo:23 - About to execute repetition 3 of 5 for repeatedTestInGerman
13-02-2020 18:21:58 INFO  RepeatedTestsDemo:50 - About to execute repetition repeatedTestInGerman
13-02-2020 18:21:58 INFO  RepeatedTestsDemo:23 - About to execute repetition 4 of 5 for repeatedTestInGerman
13-02-2020 18:21:58 INFO  RepeatedTestsDemo:50 - About to execute repetition repeatedTestInGerman
13-02-2020 18:21:58 INFO  RepeatedTestsDemo:23 - About to execute repetition 5 of 5 for repeatedTestInGerman
13-02-2020 18:21:58 INFO  RepeatedTestsDemo:50 - About to execute repetition repeatedTestInGerman
13-02-2020 18:21:58 INFO  RepeatedTestsDemo:23 - About to execute repetition 1 of 5 for repeatedTestWithRepetitionInfo
13-02-2020 18:21:58 INFO  RepeatedTestsDemo:23 - About to execute repetition 2 of 5 for repeatedTestWithRepetitionInfo
13-02-2020 18:21:58 INFO  RepeatedTestsDemo:23 - About to execute repetition 3 of 5 for repeatedTestWithRepetitionInfo
13-02-2020 18:21:58 INFO  RepeatedTestsDemo:23 - About to execute repetition 4 of 5 for repeatedTestWithRepetitionInfo
13-02-2020 18:21:58 INFO  RepeatedTestsDemo:23 - About to execute repetition 5 of 5 for repeatedTestWithRepetitionInfo
13-02-2020 18:21:58 INFO  RepeatedTestsDemo:23 - About to execute repetition 1 of 1 for customDisplayNameWithLongPattern
13-02-2020 18:21:58 INFO  RepeatedTestsDemo:23 - About to execute repetition 1 of 1 for customDisplayName
13-02-2020 18:25:52 INFO  RepeatedTestsDemo:23 - About to execute repetition 1 of 10 for repeatedTest
13-02-2020 18:25:52 INFO  RepeatedTestsDemo:23 - About to execute repetition 2 of 10 for repeatedTest
13-02-2020 18:25:52 INFO  RepeatedTestsDemo:23 - About to execute repetition 3 of 10 for repeatedTest
13-02-2020 18:25:52 INFO  RepeatedTestsDemo:23 - About to execute repetition 4 of 10 for repeatedTest
13-02-2020 18:25:52 INFO  RepeatedTestsDemo:23 - About to execute repetition 5 of 10 for repeatedTest
13-02-2020 18:25:52 INFO  RepeatedTestsDemo:23 - About to execute repetition 6 of 10 for repeatedTest
13-02-2020 18:25:52 INFO  RepeatedTestsDemo:23 - About to execute repetition 7 of 10 for repeatedTest
13-02-2020 18:25:52 INFO  RepeatedTestsDemo:23 - About to execute repetition 8 of 10 for repeatedTest
13-02-2020 18:25:52 INFO  RepeatedTestsDemo:23 - About to execute repetition 9 of 10 for repeatedTest
13-02-2020 18:25:52 INFO  RepeatedTestsDemo:23 - About to execute repetition 10 of 10 for repeatedTest
13-02-2020 18:25:52 INFO  RepeatedTestsDemo:23 - About to execute repetition 1 of 5 for repeatedTestInGerman
13-02-2020 18:25:52 INFO  RepeatedTestsDemo:50 - About to execute repetition repeatedTestInGerman
13-02-2020 18:25:52 INFO  RepeatedTestsDemo:23 - About to execute repetition 2 of 5 for repeatedTestInGerman
13-02-2020 18:25:52 INFO  RepeatedTestsDemo:50 - About to execute repetition repeatedTestInGerman
13-02-2020 18:25:52 INFO  RepeatedTestsDemo:23 - About to execute repetition 3 of 5 for repeatedTestInGerman
13-02-2020 18:25:52 INFO  RepeatedTestsDemo:50 - About to execute repetition repeatedTestInGerman
13-02-2020 18:25:52 INFO  RepeatedTestsDemo:23 - About to execute repetition 4 of 5 for repeatedTestInGerman
13-02-2020 18:25:52 INFO  RepeatedTestsDemo:50 - About to execute repetition repeatedTestInGerman
13-02-2020 18:25:52 INFO  RepeatedTestsDemo:23 - About to execute repetition 5 of 5 for repeatedTestInGerman
13-02-2020 18:25:52 INFO  RepeatedTestsDemo:50 - About to execute repetition repeatedTestInGerman
13-02-2020 18:25:52 INFO  RepeatedTestsDemo:23 - About to execute repetition 1 of 5 for repeatedTestWithRepetitionInfo
13-02-2020 18:25:52 INFO  RepeatedTestsDemo:23 - About to execute repetition 2 of 5 for repeatedTestWithRepetitionInfo
13-02-2020 18:25:52 INFO  RepeatedTestsDemo:23 - About to execute repetition 3 of 5 for repeatedTestWithRepetitionInfo
13-02-2020 18:25:52 INFO  RepeatedTestsDemo:23 - About to execute repetition 4 of 5 for repeatedTestWithRepetitionInfo
13-02-2020 18:25:52 INFO  RepeatedTestsDemo:23 - About to execute repetition 5 of 5 for repeatedTestWithRepetitionInfo
13-02-2020 18:25:52 INFO  RepeatedTestsDemo:23 - About to execute repetition 1 of 1 for customDisplayNameWithLongPattern
13-02-2020 18:25:52 INFO  RepeatedTestsDemo:23 - About to execute repetition 1 of 1 for customDisplayName
14-02-2020 11:41:07 INFO  RepeatedTestsDemo:18 - BeforeEach
14-02-2020 11:41:07 INFO  RepeatedTestsDemo:29 - AfterEach
14-02-2020 12:04:13 INFO  RepeatedDemoTests:23 - About to execute repetition 1 of 10 for repeatedTest
14-02-2020 12:04:13 INFO  RepeatedDemoTests:23 - About to execute repetition 2 of 10 for repeatedTest
14-02-2020 12:04:13 INFO  RepeatedDemoTests:23 - About to execute repetition 3 of 10 for repeatedTest
14-02-2020 12:04:13 INFO  RepeatedDemoTests:23 - About to execute repetition 4 of 10 for repeatedTest
14-02-2020 12:04:13 INFO  RepeatedDemoTests:23 - About to execute repetition 5 of 10 for repeatedTest
14-02-2020 12:04:13 INFO  RepeatedDemoTests:23 - About to execute repetition 6 of 10 for repeatedTest
14-02-2020 12:04:13 INFO  RepeatedDemoTests:23 - About to execute repetition 7 of 10 for repeatedTest
14-02-2020 12:04:13 INFO  RepeatedDemoTests:23 - About to execute repetition 8 of 10 for repeatedTest
14-02-2020 12:04:13 INFO  RepeatedDemoTests:23 - About to execute repetition 9 of 10 for repeatedTest
14-02-2020 12:04:13 INFO  RepeatedDemoTests:23 - About to execute repetition 10 of 10 for repeatedTest
14-02-2020 12:04:13 INFO  RepeatedDemoTests:23 - About to execute repetition 1 of 5 for repeatedTestInGerman
14-02-2020 12:04:13 INFO  RepeatedDemoTests:50 - About to execute repetition repeatedTestInGerman
14-02-2020 12:04:13 INFO  RepeatedDemoTests:23 - About to execute repetition 2 of 5 for repeatedTestInGerman
14-02-2020 12:04:13 INFO  RepeatedDemoTests:50 - About to execute repetition repeatedTestInGerman
14-02-2020 12:04:13 INFO  RepeatedDemoTests:23 - About to execute repetition 3 of 5 for repeatedTestInGerman
14-02-2020 12:04:13 INFO  RepeatedDemoTests:50 - About to execute repetition repeatedTestInGerman
14-02-2020 12:04:13 INFO  RepeatedDemoTests:23 - About to execute repetition 4 of 5 for repeatedTestInGerman
14-02-2020 12:04:13 INFO  RepeatedDemoTests:50 - About to execute repetition repeatedTestInGerman
14-02-2020 12:04:13 INFO  RepeatedDemoTests:23 - About to execute repetition 5 of 5 for repeatedTestInGerman
14-02-2020 12:04:13 INFO  RepeatedDemoTests:50 - About to execute repetition repeatedTestInGerman
14-02-2020 12:04:13 INFO  RepeatedDemoTests:23 - About to execute repetition 1 of 5 for repeatedTestWithRepetitionInfo
14-02-2020 12:04:13 INFO  RepeatedDemoTests:23 - About to execute repetition 2 of 5 for repeatedTestWithRepetitionInfo
14-02-2020 12:04:13 INFO  RepeatedDemoTests:23 - About to execute repetition 3 of 5 for repeatedTestWithRepetitionInfo
14-02-2020 12:04:13 INFO  RepeatedDemoTests:23 - About to execute repetition 4 of 5 for repeatedTestWithRepetitionInfo
14-02-2020 12:04:13 INFO  RepeatedDemoTests:23 - About to execute repetition 5 of 5 for repeatedTestWithRepetitionInfo
14-02-2020 12:04:13 INFO  RepeatedDemoTests:23 - About to execute repetition 1 of 1 for customDisplayNameWithLongPattern
14-02-2020 12:04:13 INFO  RepeatedDemoTests:23 - About to execute repetition 1 of 1 for customDisplayName
14-02-2020 12:10:54 INFO  RepeatedDemoTests:20 - BeforeEach
14-02-2020 12:10:54 INFO  RepeatedDemoTests:31 - AfterEach
14-02-2020 12:18:54 INFO  RepeatedDemoTests:19 - BeforeAll
14-02-2020 12:18:54 INFO  RepeatedDemoTests:33 - AfterAll
